{"/Users/ruanxihao/Code/study/with-jest-typescript-app/jest.setup.js": {"path":"/Users/ruanxihao/Code/study/with-jest-typescript-app/jest.setup.js","statementMap":{"0":{"start":{"line":1,"column":15},"end":{"line":1,"column":32}},"1":{"start":{"line":2,"column":16},"end":{"line":2,"column":50}},"2":{"start":{"line":4,"column":0},"end":{"line":4,"column":44}}},"fnMap":{},"branchMap":{},"s":{"0":4,"1":4,"2":4},"f":{},"b":{},"_coverageSchema":"332fd63041d2c1bcb487cc26dd0d5f7d97098a6c","hash":"7bbb0a099584aeb0e2881d7ddcc83939067b0f66"}
,"/Users/ruanxihao/Code/study/with-jest-typescript-app/src/components/NiceCheckbox/index.tsx": {"path":"/Users/ruanxihao/Code/study/with-jest-typescript-app/src/components/NiceCheckbox/index.tsx","statementMap":{"0":{"start":{"line":11,"column":55},"end":{"line":18,"column":1}},"1":{"start":{"line":12,"column":4},"end":{"line":17,"column":6}}},"fnMap":{"0":{"name":"(anonymous_0)","decl":{"start":{"line":11,"column":55},"end":{"line":11,"column":56}},"loc":{"start":{"line":11,"column":100},"end":{"line":18,"column":1}},"line":11}},"branchMap":{},"s":{"0":1,"1":1},"f":{"0":1},"b":{},"_coverageSchema":"332fd63041d2c1bcb487cc26dd0d5f7d97098a6c","hash":"11707a2b982df2aaf66a4279c6997f41d5610df9"}
,"/Users/ruanxihao/Code/study/with-jest-typescript-app/src/modules/auth/Login.tsx": {"path":"/Users/ruanxihao/Code/study/with-jest-typescript-app/src/modules/auth/Login.tsx","statementMap":{"0":{"start":{"line":16,"column":8},"end":{"line":16,"column":21}},"1":{"start":{"line":18,"column":8},"end":{"line":24,"column":9}},"2":{"start":{"line":28,"column":28},"end":{"line":28,"column":38}},"3":{"start":{"line":29,"column":8},"end":{"line":29,"column":52}},"4":{"start":{"line":31,"column":8},"end":{"line":31,"column":37}},"5":{"start":{"line":35,"column":8},"end":{"line":35,"column":27}},"6":{"start":{"line":36,"column":8},"end":{"line":36,"column":46}},"7":{"start":{"line":38,"column":8},"end":{"line":41,"column":16}},"8":{"start":{"line":39,"column":12},"end":{"line":39,"column":51}},"9":{"start":{"line":40,"column":12},"end":{"line":40,"column":36}},"10":{"start":{"line":45,"column":30},"end":{"line":45,"column":40}},"11":{"start":{"line":47,"column":8},"end":{"line":68,"column":10}}},"fnMap":{"0":{"name":"(anonymous_0)","decl":{"start":{"line":15,"column":4},"end":{"line":15,"column":5}},"loc":{"start":{"line":15,"column":36},"end":{"line":25,"column":5}},"line":15},"1":{"name":"(anonymous_1)","decl":{"start":{"line":27,"column":30},"end":{"line":27,"column":31}},"loc":{"start":{"line":27,"column":72},"end":{"line":32,"column":5}},"line":27},"2":{"name":"(anonymous_2)","decl":{"start":{"line":34,"column":24},"end":{"line":34,"column":25}},"loc":{"start":{"line":34,"column":66},"end":{"line":42,"column":5}},"line":34},"3":{"name":"(anonymous_3)","decl":{"start":{"line":38,"column":19},"end":{"line":38,"column":20}},"loc":{"start":{"line":38,"column":25},"end":{"line":41,"column":9}},"line":38},"4":{"name":"(anonymous_4)","decl":{"start":{"line":44,"column":4},"end":{"line":44,"column":5}},"loc":{"start":{"line":44,"column":13},"end":{"line":69,"column":5}},"line":44}},"branchMap":{"0":{"loc":{"start":{"line":63,"column":79},"end":{"line":65,"column":38}},"type":"cond-expr","locations":[{"start":{"line":64,"column":30},"end":{"line":64,"column":45}},{"start":{"line":65,"column":30},"end":{"line":65,"column":38}}],"line":63}},"s":{"0":4,"1":4,"2":1,"3":1,"4":1,"5":1,"6":1,"7":1,"8":0,"9":0,"10":6,"11":6},"f":{"0":4,"1":1,"2":1,"3":0,"4":6},"b":{"0":[1,5]},"_coverageSchema":"332fd63041d2c1bcb487cc26dd0d5f7d97098a6c","hash":"01365103ac9068bdac8049440deb253df5bb10fb"}
,"/Users/ruanxihao/Code/study/with-jest-typescript-app/src/modules/cars/Detail.tsx": {"path":"/Users/ruanxihao/Code/study/with-jest-typescript-app/src/modules/cars/Detail.tsx","statementMap":{"0":{"start":{"line":9,"column":43},"end":{"line":23,"column":1}},"1":{"start":{"line":10,"column":4},"end":{"line":22,"column":6}},"2":{"start":{"line":20,"column":57},"end":{"line":20,"column":81}}},"fnMap":{"0":{"name":"(anonymous_0)","decl":{"start":{"line":9,"column":43},"end":{"line":9,"column":44}},"loc":{"start":{"line":9,"column":68},"end":{"line":23,"column":1}},"line":9},"1":{"name":"(anonymous_1)","decl":{"start":{"line":20,"column":25},"end":{"line":20,"column":26}},"loc":{"start":{"line":20,"column":57},"end":{"line":20,"column":81}},"line":20}},"branchMap":{"0":{"loc":{"start":{"line":18,"column":17},"end":{"line":20,"column":82}},"type":"binary-expr","locations":[{"start":{"line":18,"column":17},"end":{"line":18,"column":30}},{"start":{"line":18,"column":34},"end":{"line":20,"column":82}}],"line":18}},"s":{"0":1,"1":3,"2":9},"f":{"0":3,"1":9},"b":{"0":[3,3]},"_coverageSchema":"332fd63041d2c1bcb487cc26dd0d5f7d97098a6c","hash":"3fdb74dfdb4730ea8212b3e1cd38dd1f235c36e7"}
,"/Users/ruanxihao/Code/study/with-jest-typescript-app/src/modules/cars/Overview.tsx": {"path":"/Users/ruanxihao/Code/study/with-jest-typescript-app/src/modules/cars/Overview.tsx","statementMap":{"0":{"start":{"line":16,"column":8},"end":{"line":16,"column":21}},"1":{"start":{"line":18,"column":8},"end":{"line":20,"column":9}},"2":{"start":{"line":24,"column":8},"end":{"line":24,"column":42}},"3":{"start":{"line":28,"column":8},"end":{"line":32,"column":9}},"4":{"start":{"line":29,"column":12},"end":{"line":31,"column":14}},"5":{"start":{"line":34,"column":8},"end":{"line":36,"column":10}},"6":{"start":{"line":35,"column":73},"end":{"line":35,"column":158}},"7":{"start":{"line":35,"column":104},"end":{"line":35,"column":129}},"8":{"start":{"line":40,"column":8},"end":{"line":42,"column":9}},"9":{"start":{"line":41,"column":12},"end":{"line":41,"column":24}},"10":{"start":{"line":44,"column":8},"end":{"line":49,"column":10}},"11":{"start":{"line":53,"column":8},"end":{"line":63,"column":10}}},"fnMap":{"0":{"name":"(anonymous_0)","decl":{"start":{"line":15,"column":4},"end":{"line":15,"column":5}},"loc":{"start":{"line":15,"column":43},"end":{"line":21,"column":5}},"line":15},"1":{"name":"(anonymous_1)","decl":{"start":{"line":23,"column":22},"end":{"line":23,"column":23}},"loc":{"start":{"line":23,"column":46},"end":{"line":25,"column":5}},"line":23},"2":{"name":"(anonymous_2)","decl":{"start":{"line":27,"column":21},"end":{"line":27,"column":22}},"loc":{"start":{"line":27,"column":57},"end":{"line":37,"column":5}},"line":27},"3":{"name":"(anonymous_3)","decl":{"start":{"line":35,"column":26},"end":{"line":35,"column":27}},"loc":{"start":{"line":35,"column":73},"end":{"line":35,"column":158}},"line":35},"4":{"name":"(anonymous_4)","decl":{"start":{"line":35,"column":98},"end":{"line":35,"column":99}},"loc":{"start":{"line":35,"column":104},"end":{"line":35,"column":129}},"line":35},"5":{"name":"(anonymous_5)","decl":{"start":{"line":39,"column":20},"end":{"line":39,"column":21}},"loc":{"start":{"line":39,"column":51},"end":{"line":50,"column":5}},"line":39},"6":{"name":"(anonymous_6)","decl":{"start":{"line":52,"column":4},"end":{"line":52,"column":5}},"loc":{"start":{"line":52,"column":13},"end":{"line":64,"column":5}},"line":52}},"branchMap":{"0":{"loc":{"start":{"line":28,"column":8},"end":{"line":32,"column":9}},"type":"if","locations":[{"start":{"line":28,"column":8},"end":{"line":32,"column":9}},{"start":{"line":28,"column":8},"end":{"line":32,"column":9}}],"line":28},"1":{"loc":{"start":{"line":28,"column":12},"end":{"line":28,"column":38}},"type":"binary-expr","locations":[{"start":{"line":28,"column":12},"end":{"line":28,"column":17}},{"start":{"line":28,"column":21},"end":{"line":28,"column":38}}],"line":28},"2":{"loc":{"start":{"line":40,"column":8},"end":{"line":42,"column":9}},"type":"if","locations":[{"start":{"line":40,"column":8},"end":{"line":42,"column":9}},{"start":{"line":40,"column":8},"end":{"line":42,"column":9}}],"line":40}},"s":{"0":5,"1":5,"2":1,"3":6,"4":2,"5":4,"6":12,"7":1,"8":6,"9":5,"10":1,"11":6},"f":{"0":5,"1":1,"2":6,"3":12,"4":1,"5":6,"6":6},"b":{"0":[2,4],"1":[6,6],"2":[5,1]},"_coverageSchema":"332fd63041d2c1bcb487cc26dd0d5f7d97098a6c","hash":"31109fa0a164e56511f2714226f388dc1c687175"}
}
